[2016-08-29 17:59:35] INFO: [32mLogs directory: /Users/Leo/MyProjects/AppiumBooster/results/2016-08-29_17:59:35[0m
[2016-08-29 17:59:35] INFO: [32mResults directory: /Users/Leo/MyProjects/AppiumBooster/results/2016-08-29_17:59:35[0m
[2016-08-29 17:59:35] INFO: [32mScreenshots directory: /Users/Leo/MyProjects/AppiumBooster/results/2016-08-29_17:59:35/screenshots[0m
[2016-08-29 17:59:35] INFO: [32mErrors directory: /Users/Leo/MyProjects/AppiumBooster/results/2016-08-29_17:59:35/errors[0m
[2016-08-29 17:59:35] INFO: [32minitialize AppiumDriver ...[0m
[2016-08-29 17:59:35] INFO: [32minitialize appium server.[0m
[2016-08-29 17:59:35] INFO: kill appium server process.
[2016-08-29 17:59:35] INFO: start appium server process.
[2016-08-29 17:59:45] INFO: [32mRemove iOS simulator: iPhone 6s (9.3) (97968412-FAD8-4797-B2D9-47197C990A6B)[0m
[2016-08-29 17:59:45] INFO: [32mCreate iOS simulator: iPhone 6s (9.3) (F23B3F85-7B65-4999-9F1C-80111783F5A5)[0m
[2016-08-29 17:59:45] INFO: [32minitialize appium client instance with capability: {:caps=>{:platformName=>"ios", :deviceName=>"iPhone 6s", :platformVersion=>"9.3", :autoAcceptAlerts=>"true", :app=>"/Users/Leo/MyProjects/AppiumBooster/ios/app/Store.app.zip"}, :appium_lib=>{:require=>["/Users/Leo/MyProjects/AppiumBooster/lib/requires.rb"]}}[0m
[2016-08-29 17:59:45] INFO: [35mload testcase yaml file: /Users/Leo/MyProjects/AppiumBooster/ios/testcases/login_and_logout.yml[0m
[2016-08-29 17:59:45] INFO: [36mload steps yaml file: /Users/Leo/MyProjects/AppiumBooster/ios/steps/Account.yml[0m
[2016-08-29 17:59:45] INFO: [36mload steps yaml file: /Users/Leo/MyProjects/AppiumBooster/ios/steps/Forum.yml[0m
[2016-08-29 17:59:45] INFO: [36mload steps yaml file: /Users/Leo/MyProjects/AppiumBooster/ios/steps/Nearby.yml[0m
[2016-08-29 17:59:45] INFO: [36mload steps yaml file: /Users/Leo/MyProjects/AppiumBooster/ios/steps/Settings.yml[0m
[2016-08-29 17:59:45] INFO: [36mload steps yaml file: /Users/Leo/MyProjects/AppiumBooster/ios/steps/Store.yml[0m
[2016-08-29 17:59:45] INFO: [36mload features yaml file: /Users/Leo/MyProjects/AppiumBooster/ios/features/Account.yml[0m
[2016-08-29 17:59:45] INFO: [36mload features yaml file: /Users/Leo/MyProjects/AppiumBooster/ios/features/Forum.yml[0m
[2016-08-29 17:59:46] INFO: [36mload features yaml file: /Users/Leo/MyProjects/AppiumBooster/ios/features/Nearby.yml[0m
[2016-08-29 17:59:46] INFO: [36mload features yaml file: /Users/Leo/MyProjects/AppiumBooster/ios/features/Settings.yml[0m
[2016-08-29 17:59:46] INFO: [36mload features yaml file: /Users/Leo/MyProjects/AppiumBooster/ios/features/Store.yml[0m
[2016-08-29 17:59:46] INFO: testcase_hash: {"testcase_name"=>"Login and Logout", "features_suite"=>[{"feature_name"=>"initialize first startup", "feature_steps"=>[{"control_id"=>"btnAgreeShareLocation", "control_action"=>"click", "optional"=>true, "step_desc"=>"agree share location(optional)"}]}, {"feature_name"=>"login with valid production account", "feature_steps"=>[{"control_id"=>"btnMenuMyAccount", "control_action"=>"click", "expectation"=>"tablecellMyAccountSystemSettings", "step_desc"=>"enter My Account page"}, {"control_id"=>"tablecellMyAccountLogin", "control_action"=>"click", "expectation"=>"btnForgetPassword", "step_desc"=>"enter Login page"}, {"control_id"=>"txtfieldEmailAddress", "control_action"=>"type", "data"=>"leo.lee@debugtalk.com", "expectation"=>"sectxtfieldPassword", "step_desc"=>"input production EmailAddress"}, {"control_id"=>"sectxtfieldPassword", "control_action"=>"type", "data"=>123321, "expectation"=>"btnLogin", "step_desc"=>"input production Password"}, {"control_id"=>"btnLogin", "control_action"=>"click", "expectation"=>"tablecellMyMessage", "step_desc"=>"login"}, {"control_id"=>"btnClose", "control_action"=>"click", "expectation"=>nil, "optional"=>true, "step_desc"=>"close coupon popup window(optional)"}]}, {"feature_name"=>"logout", "feature_steps"=>[{"control_id"=>"btnMenuMyAccount", "control_action"=>"click", "expectation"=>"tablecellMyAccountSystemSettings", "step_desc"=>"enter My Account page"}, {"control_id"=>"tablecellMyAccountSystemSettings", "control_action"=>"click", "expectation"=>"txtCountryDistrict", "step_desc"=>"enter Settings page"}, {"control_id"=>"btnLogout", "control_action"=>"click", "expectation"=>"uiviewMyAccount", "step_desc"=>"logout"}]}]}
[2016-08-29 17:59:46] INFO: [32mstart appium client driver ...[0m
[2016-08-29 18:01:09] INFO: [33m======= start to run test testcase: Login and Logout =======[0m
[2016-08-29 18:01:09] INFO: [34mB------ Start to run feature: initialize first startup[0m
[2016-08-29 18:01:09] INFO: feature: {"feature_name"=>"initialize first startup", "feature_steps"=>[{"control_id"=>"btnAgreeShareLocation", "control_action"=>"click", "optional"=>true, "step_desc"=>"agree share location(optional)"}]}
[2016-08-29 18:01:09] INFO: [36mstep_1: agree share location(optional)[0m
[2016-08-29 18:01:16] INFO: [32mbtnAgreeShareLocation.click     ...    ✓[0m
[2016-08-29 18:01:16] INFO: [34mE------ initialize first startup
[0m
[2016-08-29 18:01:16] INFO: [34mB------ Start to run feature: login with valid production account[0m
[2016-08-29 18:01:16] INFO: feature: {"feature_name"=>"login with valid production account", "feature_steps"=>[{"control_id"=>"btnMenuMyAccount", "control_action"=>"click", "expectation"=>"tablecellMyAccountSystemSettings", "step_desc"=>"enter My Account page"}, {"control_id"=>"tablecellMyAccountLogin", "control_action"=>"click", "expectation"=>"btnForgetPassword", "step_desc"=>"enter Login page"}, {"control_id"=>"txtfieldEmailAddress", "control_action"=>"type", "data"=>"leo.lee@debugtalk.com", "expectation"=>"sectxtfieldPassword", "step_desc"=>"input production EmailAddress"}, {"control_id"=>"sectxtfieldPassword", "control_action"=>"type", "data"=>123321, "expectation"=>"btnLogin", "step_desc"=>"input production Password"}, {"control_id"=>"btnLogin", "control_action"=>"click", "expectation"=>"tablecellMyMessage", "step_desc"=>"login"}, {"control_id"=>"btnClose", "control_action"=>"click", "expectation"=>nil, "optional"=>true, "step_desc"=>"close coupon popup window(optional)"}]}
[2016-08-29 18:01:16] INFO: [36mstep_1: enter My Account page[0m
[2016-08-29 18:01:23] INFO: [32mbtnMenuMyAccount.click     ...    ✓[0m
[2016-08-29 18:01:23] INFO: [36mstep_2: enter Login page[0m
[2016-08-29 18:01:29] INFO: [32mtablecellMyAccountLogin.click     ...    ✓[0m
[2016-08-29 18:01:29] INFO: [36mstep_3: input production EmailAddress[0m
[2016-08-29 18:01:36] INFO: [32mtxtfieldEmailAddress.type leo.lee@debugtalk.com    ...    ✓[0m
[2016-08-29 18:01:36] INFO: [36mstep_4: input production Password[0m
[2016-08-29 18:01:43] INFO: [32msectxtfieldPassword.type 123321    ...    ✓[0m
[2016-08-29 18:01:43] INFO: [36mstep_5: login[0m
[2016-08-29 18:01:50] INFO: [32mbtnLogin.click     ...    ✓[0m
[2016-08-29 18:01:50] INFO: [36mstep_6: close coupon popup window(optional)[0m
[2016-08-29 18:01:55] INFO: [32mbtnClose.click     ...    ✓[0m
[2016-08-29 18:01:55] INFO: [34mE------ login with valid production account
[0m
[2016-08-29 18:01:55] INFO: [34mB------ Start to run feature: logout[0m
[2016-08-29 18:01:55] INFO: feature: {"feature_name"=>"logout", "feature_steps"=>[{"control_id"=>"btnMenuMyAccount", "control_action"=>"click", "expectation"=>"tablecellMyAccountSystemSettings", "step_desc"=>"enter My Account page"}, {"control_id"=>"tablecellMyAccountSystemSettings", "control_action"=>"click", "expectation"=>"txtCountryDistrict", "step_desc"=>"enter Settings page"}, {"control_id"=>"btnLogout", "control_action"=>"click", "expectation"=>"uiviewMyAccount", "step_desc"=>"logout"}]}
[2016-08-29 18:01:55] INFO: [36mstep_1: enter My Account page[0m
[2016-08-29 18:02:02] INFO: [32mbtnMenuMyAccount.click     ...    ✓[0m
[2016-08-29 18:02:02] INFO: [36mstep_2: enter Settings page[0m
[2016-08-29 18:02:08] INFO: [32mtablecellMyAccountSystemSettings.click     ...    ✓[0m
[2016-08-29 18:02:08] INFO: [36mstep_3: logout[0m
[2016-08-29 18:02:16] INFO: [32mbtnLogout.click     ...    ✓[0m
[2016-08-29 18:02:16] INFO: [34mE------ logout
[0m
[2016-08-29 18:02:16] INFO: [33m============ all features have been executed. ============[0m
[2016-08-29 18:02:16] INFO: [32mquit appium client driver.[0m
[2016-08-29 18:02:22] INFO: [33m
>>>>>>>>>>>>>>>>>>>>>>>>>>>>>>>>>>>>>>>>>>>>>>>>>>>>>>>>>>>>===<<<<<<<<<<<<<<<<<<<<<<<<<<<<<<<<<<<<<<<<<<<<<<<<<<<<<<<<<<<<
[0m
